<?xml version="1.0" encoding="UTF-8"?>
<testng-results ignored="0" total="1" passed="1" failed="0" skipped="0">
  <reporter-output>
  </reporter-output>
  <suite started-at="2024-01-08T20:28:25 IST" name="Default suite" finished-at="2024-01-08T20:28:35 IST" duration-ms="9932">
    <groups>
    </groups>
    <test started-at="2024-01-08T20:28:25 IST" name="Default test" finished-at="2024-01-08T20:28:35 IST" duration-ms="9932">
      <class name="users.UserRegistration">
        <test-method is-config="true" signature="setup()[pri:0, instance:users.UserRegistration@54bff557]" started-at="2024-01-08T20:28:25 IST" name="setup" finished-at="2024-01-08T20:28:31 IST" duration-ms="5724" status="PASS">
          <reporter-output>
          </reporter-output>
        </test-method> <!-- setup -->
        <test-method signature="verifyRegistration()[pri:0, instance:users.UserRegistration@54bff557]" started-at="2024-01-08T20:28:31 IST" name="verifyRegistration" finished-at="2024-01-08T20:28:35 IST" duration-ms="4140" status="PASS">
          <reporter-output>
          </reporter-output>
        </test-method> <!-- verifyRegistration -->
      </class> <!-- users.UserRegistration -->
    </test> <!-- Default test -->
  </suite> <!-- Default suite -->
</testng-results>
